Arguments: 
  /data/data/com.termux/files/usr/bin/node /data/data/com.termux/files/usr/share/yarn/bin/yarn.js

PATH: 
  /data/data/com.termux/files/usr/bin:/data/data/com.termux/files/usr/bin/applets

Yarn version: 
  1.15.2

Node version: 
  11.13.0

Platform: 
  android arm

Trace: 
  Error: EPERM: operation not permitted, symlink '../../../which/bin/which' -> '/storage/emulated/0/Project/Sentry/node_modules/cross-spawn/node_modules/.bin/which'

npm manifest: 
  {
    "name": "sentry",
    "version": "1.0.0",
    "description": "sentry",
    "main": "app.js",
    "scripts": {
      "test": "test.js"
    },
    "author": "deyvidy",
    "license": "ISC",
    "dependencies": {
      "@sendgrid/mail": "^6.3.1",
      "express": "^4.16.4",
      "nodemon": "^1.18.10",
      "request": "^2.88.0"
    }
  }

yarn manifest: 
  No manifest

Lockfile: 
  No lockfile
